[0129/162902.973:ERROR:process_reader_win.cc(182)] ResumeThread: The parameter is incorrect. (0x57)
[0129/162902.976:ERROR:process_reader_win.cc(151)] SuspendThread: Access is denied. (0x5)
[0129/162902.976:ERROR:process_reader_win.cc(151)] SuspendThread: Access is denied. (0x5)
[0129/162902.976:ERROR:process_reader_win.cc(151)] SuspendThread: Access is denied. (0x5)
[0129/162902.976:ERROR:process_reader_win.cc(151)] SuspendThread: Access is denied. (0x5)
[0129/162902.977:ERROR:process_reader_win.cc(151)] SuspendThread: Access is denied. (0x5)
[0129/162902.977:ERROR:process_reader_win.cc(151)] SuspendThread: Access is denied. (0x5)
[0129/162902.977:ERROR:process_reader_win.cc(151)] SuspendThread: Access is denied. (0x5)
[0129/162902.977:ERROR:process_reader_win.cc(151)] SuspendThread: Access is denied. (0x5)
[0129/162902.977:ERROR:process_reader_win.cc(151)] SuspendThread: Access is denied. (0x5)
[0129/162902.977:ERROR:process_reader_win.cc(151)] SuspendThread: Access is denied. (0x5)
[0129/162902.977:ERROR:process_reader_win.cc(151)] SuspendThread: Access is denied. (0x5)
[0129/162902.977:ERROR:process_reader_win.cc(151)] SuspendThread: Access is denied. (0x5)
[0129/162902.978:ERROR:process_reader_win.cc(151)] SuspendThread: Access is denied. (0x5)
[0129/162902.978:ERROR:process_reader_win.cc(151)] SuspendThread: Access is denied. (0x5)
[0129/162902.978:ERROR:exception_snapshot_win.cc(98)] thread ID 7644 not found in process
[0129/162916.600:ERROR:process_memory_win.cc(73)] ReadMemory at 0x25e000 of 73728 bytes failed: Only part of a ReadProcessMemory or WriteProcessMemory request was completed. (0x12B)
[0129/162916.604:ERROR:process_memory_win.cc(73)] ReadMemory at 0x34fe000 of 8192 bytes failed: Only part of a ReadProcessMemory or WriteProcessMemory request was completed. (0x12B)
[0129/162916.604:ERROR:process_memory_win.cc(73)] ReadMemory at 0x394e000 of 8192 bytes failed: Only part of a ReadProcessMemory or WriteProcessMemory request was completed. (0x12B)
[0129/162916.604:ERROR:process_memory_win.cc(73)] ReadMemory at 0x3b8d000 of 12288 bytes failed: Only part of a ReadProcessMemory or WriteProcessMemory request was completed. (0x12B)
[0129/162916.604:ERROR:process_memory_win.cc(73)] ReadMemory at 0x3e3f000 of 4096 bytes failed: Only part of a ReadProcessMemory or WriteProcessMemory request was completed. (0x12B)
[0129/162916.605:ERROR:process_memory_win.cc(73)] ReadMemory at 0x40ae000 of 8192 bytes failed: Only part of a ReadProcessMemory or WriteProcessMemory request was completed. (0x12B)
[0129/162916.605:ERROR:process_memory_win.cc(73)] ReadMemory at 0x3c9e000 of 8192 bytes failed: Only part of a ReadProcessMemory or WriteProcessMemory request was completed. (0x12B)
[0129/162916.605:ERROR:process_memory_win.cc(73)] ReadMemory at 0x2486d000 of 12288 bytes failed: Only part of a ReadProcessMemory or WriteProcessMemory request was completed. (0x12B)
[0129/162916.605:ERROR:process_memory_win.cc(73)] ReadMemory at 0x24a6e000 of 8192 bytes failed: Only part of a ReadProcessMemory or WriteProcessMemory request was completed. (0x12B)
[0129/162916.606:ERROR:process_memory_win.cc(73)] ReadMemory at 0x24b6b000 of 20480 bytes failed: Only part of a ReadProcessMemory or WriteProcessMemory request was completed. (0x12B)
[0129/162916.606:ERROR:process_memory_win.cc(73)] ReadMemory at 0x2476c000 of 16384 bytes failed: Only part of a ReadProcessMemory or WriteProcessMemory request was completed. (0x12B)
[0129/162916.606:ERROR:process_memory_win.cc(73)] ReadMemory at 0x2652e000 of 8192 bytes failed: Only part of a ReadProcessMemory or WriteProcessMemory request was completed. (0x12B)
[0129/162916.607:ERROR:process_memory_win.cc(73)] ReadMemory at 0x27f6e000 of 8192 bytes failed: Only part of a ReadProcessMemory or WriteProcessMemory request was completed. (0x12B)
[0129/162916.607:ERROR:process_memory_win.cc(73)] ReadMemory at 0x28ffe000 of 8192 bytes failed: Only part of a ReadProcessMemory or WriteProcessMemory request was completed. (0x12B)
[0129/162916.607:ERROR:process_memory_win.cc(73)] ReadMemory at 0x40000 of 384 bytes failed: Only part of a ReadProcessMemory or WriteProcessMemory request was completed. (0x12B)
[0129/162916.607:ERROR:process_memory_win.cc(73)] ReadMemory at 0xd607f0 of 3010 bytes failed: Only part of a ReadProcessMemory or WriteProcessMemory request was completed. (0x12B)
[0129/162916.608:ERROR:process_memory_win.cc(73)] ReadMemory at 0xd613c0 of 660 bytes failed: Only part of a ReadProcessMemory or WriteProcessMemory request was completed. (0x12B)
[0129/162916.608:ERROR:process_memory_win.cc(73)] ReadMemory at 0xd61860 of 380 bytes failed: Only part of a ReadProcessMemory or WriteProcessMemory request was completed. (0x12B)
[0129/162916.608:ERROR:process_memory_win.cc(73)] ReadMemory at 0xd619de of 106 bytes failed: Only part of a ReadProcessMemory or WriteProcessMemory request was completed. (0x12B)
[0129/162916.608:ERROR:process_memory_win.cc(73)] ReadMemory at 0xd61a4a of 1310 bytes failed: Only part of a ReadProcessMemory or WriteProcessMemory request was completed. (0x12B)
[0129/162916.608:ERROR:process_memory_win.cc(73)] ReadMemory at 0xd61f6a of 106 bytes failed: Only part of a ReadProcessMemory or WriteProcessMemory request was completed. (0x12B)
[0129/162916.608:ERROR:process_memory_win.cc(73)] ReadMemory at 0xd61fd6 of 96 bytes failed: Only part of a ReadProcessMemory or WriteProcessMemory request was completed. (0x12B)
[0129/162916.608:ERROR:process_memory_win.cc(73)] ReadMemory at 0xd62048 of 58 bytes failed: Only part of a ReadProcessMemory or WriteProcessMemory request was completed. (0x12B)
[0129/162916.609:ERROR:process_memory_win.cc(73)] ReadMemory at 0xd620c8 of 72 bytes failed: Only part of a ReadProcessMemory or WriteProcessMemory request was completed. (0x12B)
[0129/162916.609:ERROR:process_memory_win.cc(73)] ReadMemory at 0xd62148 of 72 bytes failed: Only part of a ReadProcessMemory or WriteProcessMemory request was completed. (0x12B)
[0129/162916.609:ERROR:process_memory_win.cc(73)] ReadMemory at 0xd621e0 of 114 bytes failed: Only part of a ReadProcessMemory or WriteProcessMemory request was completed. (0x12B)
[0129/162916.609:ERROR:process_memory_win.cc(73)] ReadMemory at 0xd62478 of 64 bytes failed: Only part of a ReadProcessMemory or WriteProcessMemory request was completed. (0x12B)
[0129/162916.609:ERROR:process_memory_win.cc(73)] ReadMemory at 0xd624c8 of 72 bytes failed: Only part of a ReadProcessMemory or WriteProcessMemory request was completed. (0x12B)
[0129/162916.609:ERROR:process_memory_win.cc(73)] ReadMemory at 0xd62560 of 68 bytes failed: Only part of a ReadProcessMemory or WriteProcessMemory request was completed. (0x12B)
[0129/162916.609:ERROR:process_memory_win.cc(73)] ReadMemory at 0xd625b0 of 72 bytes failed: Only part of a ReadProcessMemory or WriteProcessMemory request was completed. (0x12B)
[0129/162916.610:ERROR:process_memory_win.cc(73)] ReadMemory at 0xd63088 of 72 bytes failed: Only part of a ReadProcessMemory or WriteProcessMemory request was completed. (0x12B)
[0129/162916.610:ERROR:process_memory_win.cc(73)] ReadMemory at 0xd63230 of 142 bytes failed: Only part of a ReadProcessMemory or WriteProcessMemory request was completed. (0x12B)
[0129/162916.610:ERROR:process_memory_win.cc(73)] ReadMemory at 0xd632c8 of 72 bytes failed: Only part of a ReadProcessMemory or WriteProcessMemory request was completed. (0x12B)
[0129/162916.610:ERROR:process_memory_win.cc(73)] ReadMemory at 0xd638c0 of 60 bytes failed: Only part of a ReadProcessMemory or WriteProcessMemory request was completed. (0x12B)
[0129/162916.610:ERROR:process_memory_win.cc(73)] ReadMemory at 0xd63908 of 72 bytes failed: Only part of a ReadProcessMemory or WriteProcessMemory request was completed. (0x12B)
[0129/162916.610:ERROR:process_memory_win.cc(73)] ReadMemory at 0xd63ae8 of 62 bytes failed: Only part of a ReadProcessMemory or WriteProcessMemory request was completed. (0x12B)
[0129/162916.610:ERROR:process_memory_win.cc(73)] ReadMemory at 0xd79b60 of 54 bytes failed: Only part of a ReadProcessMemory or WriteProcessMemory request was completed. (0x12B)
[0129/162916.611:ERROR:process_memory_win.cc(73)] ReadMemory at 0xd79ba0 of 64 bytes failed: Only part of a ReadProcessMemory or WriteProcessMemory request was completed. (0x12B)
[0129/162916.611:ERROR:process_memory_win.cc(73)] ReadMemory at 0xd7b610 of 146 bytes failed: Only part of a ReadProcessMemory or WriteProcessMemory request was completed. (0x12B)
[0129/162916.611:ERROR:process_memory_win.cc(73)] ReadMemory at 0xd7b6b0 of 60 bytes failed: Only part of a ReadProcessMemory or WriteProcessMemory request was completed. (0x12B)
[0129/162916.612:ERROR:process_memory_win.cc(73)] ReadMemory at 0xd7b6f8 of 54 bytes failed: Only part of a ReadProcessMemory or WriteProcessMemory request was completed. (0x12B)
[0129/162916.612:ERROR:process_memory_win.cc(73)] ReadMemory at 0xd7b738 of 64 bytes failed: Only part of a ReadProcessMemory or WriteProcessMemory request was completed. (0x12B)
[0129/162916.612:ERROR:process_memory_win.cc(73)] ReadMemory at 0xd7b7a0 of 58 bytes failed: Only part of a ReadProcessMemory or WriteProcessMemory request was completed. (0x12B)
[0129/162916.612:ERROR:process_memory_win.cc(73)] ReadMemory at 0xd7b7e8 of 60 bytes failed: Only part of a ReadProcessMemory or WriteProcessMemory request was completed. (0x12B)
[0129/162916.612:ERROR:process_memory_win.cc(73)] ReadMemory at 0xd7b838 of 62 bytes failed: Only part of a ReadProcessMemory or WriteProcessMemory request was completed. (0x12B)
[0129/162916.612:ERROR:process_memory_win.cc(73)] ReadMemory at 0xd7b8b8 of 72 bytes failed: Only part of a ReadProcessMemory or WriteProcessMemory request was completed. (0x12B)
[0129/162916.613:ERROR:process_memory_win.cc(73)] ReadMemory at 0xd7b938 of 72 bytes failed: Only part of a ReadProcessMemory or WriteProcessMemory request was completed. (0x12B)
[0129/162916.613:ERROR:process_memory_win.cc(73)] ReadMemory at 0xd7b9b8 of 72 bytes failed: Only part of a ReadProcessMemory or WriteProcessMemory request was completed. (0x12B)
[0129/162916.613:ERROR:process_memory_win.cc(73)] ReadMemory at 0xd7ba38 of 58 bytes failed: Only part of a ReadProcessMemory or WriteProcessMemory request was completed. (0x12B)
[0129/162916.613:ERROR:process_memory_win.cc(73)] ReadMemory at 0xd7ba80 of 72 bytes failed: Only part of a ReadProcessMemory or WriteProcessMemory request was completed. (0x12B)
[0129/162916.613:ERROR:process_memory_win.cc(73)] ReadMemory at 0xd7bc68 of 60 bytes failed: Only part of a ReadProcessMemory or WriteProcessMemory request was completed. (0x12B)
[0129/162916.613:ERROR:process_memory_win.cc(73)] ReadMemory at 0xd7bcb0 of 58 bytes failed: Only part of a ReadProcessMemory or WriteProcessMemory request was completed. (0x12B)
[0129/162916.613:ERROR:process_memory_win.cc(73)] ReadMemory at 0xd7bd28 of 58 bytes failed: Only part of a ReadProcessMemory or WriteProcessMemory request was completed. (0x12B)
[0129/162916.614:ERROR:process_memory_win.cc(73)] ReadMemory at 0xd7bd70 of 72 bytes failed: Only part of a ReadProcessMemory or WriteProcessMemory request was completed. (0x12B)
[0129/162916.614:ERROR:process_memory_win.cc(73)] ReadMemory at 0xd7bdf0 of 58 bytes failed: Only part of a ReadProcessMemory or WriteProcessMemory request was completed. (0x12B)
[0129/162916.614:ERROR:process_memory_win.cc(73)] ReadMemory at 0xd7be38 of 72 bytes failed: Only part of a ReadProcessMemory or WriteProcessMemory request was completed. (0x12B)
[0129/162916.614:ERROR:process_memory_win.cc(73)] ReadMemory at 0xd7ccb8 of 64 bytes failed: Only part of a ReadProcessMemory or WriteProcessMemory request was completed. (0x12B)
[0129/162916.614:ERROR:process_memory_win.cc(73)] ReadMemory at 0xd7cf28 of 58 bytes failed: Only part of a ReadProcessMemory or WriteProcessMemory request was completed. (0x12B)
[0129/162916.614:ERROR:process_memory_win.cc(73)] ReadMemory at 0xd7dc68 of 64 bytes failed: Only part of a ReadProcessMemory or WriteProcessMemory request was completed. (0x12B)
[0129/162916.614:ERROR:process_memory_win.cc(73)] ReadMemory at 0xd7dcb8 of 64 bytes failed: Only part of a ReadProcessMemory or WriteProcessMemory request was completed. (0x12B)
[0129/162916.615:ERROR:process_memory_win.cc(73)] ReadMemory at 0xd7de88 of 60 bytes failed: Only part of a ReadProcessMemory or WriteProcessMemory request was completed. (0x12B)
[0129/162916.615:ERROR:process_memory_win.cc(73)] ReadMemory at 0xd7ded0 of 64 bytes failed: Only part of a ReadProcessMemory or WriteProcessMemory request was completed. (0x12B)
[0129/162916.615:ERROR:process_memory_win.cc(73)] ReadMemory at 0xd7df20 of 62 bytes failed: Only part of a ReadProcessMemory or WriteProcessMemory request was completed. (0x12B)
[0129/162916.615:ERROR:process_memory_win.cc(73)] ReadMemory at 0xd7f6b8 of 72 bytes failed: Only part of a ReadProcessMemory or WriteProcessMemory request was completed. (0x12B)
[0129/162916.615:ERROR:process_memory_win.cc(73)] ReadMemory at 0xd7f738 of 72 bytes failed: Only part of a ReadProcessMemory or WriteProcessMemory request was completed. (0x12B)
[0129/162916.616:ERROR:process_memory_win.cc(73)] ReadMemory at 0xd7f7b8 of 72 bytes failed: Only part of a ReadProcessMemory or WriteProcessMemory request was completed. (0x12B)
[0129/162916.616:ERROR:process_memory_win.cc(73)] ReadMemory at 0xd7f838 of 72 bytes failed: Only part of a ReadProcessMemory or WriteProcessMemory request was completed. (0x12B)
[0129/162916.616:ERROR:process_memory_win.cc(73)] ReadMemory at 0xd7f8b8 of 72 bytes failed: Only part of a ReadProcessMemory or WriteProcessMemory request was completed. (0x12B)
[0129/162916.616:ERROR:process_memory_win.cc(73)] ReadMemory at 0xd7f938 of 72 bytes failed: Only part of a ReadProcessMemory or WriteProcessMemory request was completed. (0x12B)
[0129/162916.616:ERROR:process_memory_win.cc(73)] ReadMemory at 0xd7f9b8 of 72 bytes failed: Only part of a ReadProcessMemory or WriteProcessMemory request was completed. (0x12B)
[0129/162916.617:ERROR:process_memory_win.cc(73)] ReadMemory at 0xd7fa38 of 72 bytes failed: Only part of a ReadProcessMemory or WriteProcessMemory request was completed. (0x12B)
[0129/162916.617:ERROR:process_memory_win.cc(73)] ReadMemory at 0xd7fab8 of 72 bytes failed: Only part of a ReadProcessMemory or WriteProcessMemory request was completed. (0x12B)
[0129/162916.617:ERROR:process_memory_win.cc(73)] ReadMemory at 0xd7fb38 of 72 bytes failed: Only part of a ReadProcessMemory or WriteProcessMemory request was completed. (0x12B)
[0129/162916.617:ERROR:process_memory_win.cc(73)] ReadMemory at 0xd7fbb8 of 72 bytes failed: Only part of a ReadProcessMemory or WriteProcessMemory request was completed. (0x12B)
[0129/162916.617:ERROR:process_memory_win.cc(73)] ReadMemory at 0xd7fc38 of 72 bytes failed: Only part of a ReadProcessMemory or WriteProcessMemory request was completed. (0x12B)
[0129/162916.617:ERROR:process_memory_win.cc(73)] ReadMemory at 0xd7fcb8 of 72 bytes failed: Only part of a ReadProcessMemory or WriteProcessMemory request was completed. (0x12B)
[0129/162916.617:ERROR:process_memory_win.cc(73)] ReadMemory at 0xd7fd38 of 72 bytes failed: Only part of a ReadProcessMemory or WriteProcessMemory request was completed. (0x12B)
[0129/162916.633:ERROR:process_memory_win.cc(73)] ReadMemory at 0xd7fdb8 of 72 bytes failed: Only part of a ReadProcessMemory or WriteProcessMemory request was completed. (0x12B)
[0129/162916.634:ERROR:process_memory_win.cc(73)] ReadMemory at 0xd7fe38 of 72 bytes failed: Only part of a ReadProcessMemory or WriteProcessMemory request was completed. (0x12B)
[0129/162916.634:ERROR:process_memory_win.cc(73)] ReadMemory at 0xd7feb8 of 72 bytes failed: Only part of a ReadProcessMemory or WriteProcessMemory request was completed. (0x12B)
[0129/162916.634:ERROR:process_memory_win.cc(73)] ReadMemory at 0xd7ff38 of 72 bytes failed: Only part of a ReadProcessMemory or WriteProcessMemory request was completed. (0x12B)
[0129/162916.634:ERROR:process_memory_win.cc(73)] ReadMemory at 0xd7ffb8 of 72 bytes failed: Only part of a ReadProcessMemory or WriteProcessMemory request was completed. (0x12B)
[0129/162916.634:ERROR:process_memory_win.cc(73)] ReadMemory at 0xd80038 of 72 bytes failed: Only part of a ReadProcessMemory or WriteProcessMemory request was completed. (0x12B)
[0129/162916.634:ERROR:process_memory_win.cc(73)] ReadMemory at 0xd800b8 of 72 bytes failed: Only part of a ReadProcessMemory or WriteProcessMemory request was completed. (0x12B)
[0129/162916.635:ERROR:process_memory_win.cc(73)] ReadMemory at 0xd80138 of 72 bytes failed: Only part of a ReadProcessMemory or WriteProcessMemory request was completed. (0x12B)
[0129/162916.635:ERROR:process_memory_win.cc(73)] ReadMemory at 0xd801b8 of 72 bytes failed: Only part of a ReadProcessMemory or WriteProcessMemory request was completed. (0x12B)
[0129/162916.635:ERROR:process_memory_win.cc(73)] ReadMemory at 0xd80238 of 72 bytes failed: Only part of a ReadProcessMemory or WriteProcessMemory request was completed. (0x12B)
[0129/162916.635:ERROR:process_memory_win.cc(73)] ReadMemory at 0xd80338 of 72 bytes failed: Only part of a ReadProcessMemory or WriteProcessMemory request was completed. (0x12B)
[0129/162916.635:ERROR:process_memory_win.cc(73)] ReadMemory at 0xd803b8 of 72 bytes failed: Only part of a ReadProcessMemory or WriteProcessMemory request was completed. (0x12B)
[0129/162916.635:ERROR:process_memory_win.cc(73)] ReadMemory at 0xd80438 of 72 bytes failed: Only part of a ReadProcessMemory or WriteProcessMemory request was completed. (0x12B)
[0129/162916.636:ERROR:process_memory_win.cc(73)] ReadMemory at 0xd823e8 of 60 bytes failed: Only part of a ReadProcessMemory or WriteProcessMemory request was completed. (0x12B)
[0129/162916.636:ERROR:process_memory_win.cc(73)] ReadMemory at 0xd82430 of 62 bytes failed: Only part of a ReadProcessMemory or WriteProcessMemory request was completed. (0x12B)
[0129/162916.636:ERROR:process_memory_win.cc(73)] ReadMemory at 0xd82478 of 62 bytes failed: Only part of a ReadProcessMemory or WriteProcessMemory request was completed. (0x12B)
[0129/162916.636:ERROR:process_memory_win.cc(73)] ReadMemory at 0xd824c0 of 60 bytes failed: Only part of a ReadProcessMemory or WriteProcessMemory request was completed. (0x12B)
[0129/162916.636:ERROR:process_memory_win.cc(73)] ReadMemory at 0xd82508 of 62 bytes failed: Only part of a ReadProcessMemory or WriteProcessMemory request was completed. (0x12B)
[0129/162916.636:ERROR:process_memory_win.cc(73)] ReadMemory at 0xd82550 of 62 bytes failed: Only part of a ReadProcessMemory or WriteProcessMemory request was completed. (0x12B)
[0129/162916.636:ERROR:process_memory_win.cc(73)] ReadMemory at 0xd82598 of 62 bytes failed: Only part of a ReadProcessMemory or WriteProcessMemory request was completed. (0x12B)
[0129/162916.671:ERROR:process_memory_win.cc(73)] ReadMemory at 0xd825e0 of 62 bytes failed: Only part of a ReadProcessMemory or WriteProcessMemory request was completed. (0x12B)
[0129/162916.671:ERROR:process_memory_win.cc(73)] ReadMemory at 0xd82628 of 58 bytes failed: Only part of a ReadProcessMemory or WriteProcessMemory request was completed. (0x12B)
[0129/162916.671:ERROR:process_memory_win.cc(73)] ReadMemory at 0xd82af0 of 62 bytes failed: Only part of a ReadProcessMemory or WriteProcessMemory request was completed. (0x12B)
[0129/162916.671:ERROR:process_memory_win.cc(73)] ReadMemory at 0xd82b38 of 62 bytes failed: Only part of a ReadProcessMemory or WriteProcessMemory request was completed. (0x12B)
[0129/162916.671:ERROR:process_memory_win.cc(73)] ReadMemory at 0xd86308 of 66 bytes failed: Only part of a ReadProcessMemory or WriteProcessMemory request was completed. (0x12B)
[0129/162916.671:ERROR:process_memory_win.cc(73)] ReadMemory at 0xd93170 of 512 bytes failed: Only part of a ReadProcessMemory or WriteProcessMemory request was completed. (0x12B)
[0129/162916.672:ERROR:process_memory_win.cc(73)] ReadMemory at 0xd933a8 of 512 bytes failed: Only part of a ReadProcessMemory or WriteProcessMemory request was completed. (0x12B)
[0129/162916.672:ERROR:process_memory_win.cc(73)] ReadMemory at 0xd95920 of 696 bytes failed: Only part of a ReadProcessMemory or WriteProcessMemory request was completed. (0x12B)
[0129/162916.672:ERROR:process_memory_win.cc(73)] ReadMemory at 0x1a17960 of 512 bytes failed: Only part of a ReadProcessMemory or WriteProcessMemory request was completed. (0x12B)
[0129/162916.672:ERROR:process_memory_win.cc(73)] ReadMemory at 0x32f4df0 of 512 bytes failed: Only part of a ReadProcessMemory or WriteProcessMemory request was completed. (0x12B)
[0129/162916.672:ERROR:process_memory_win.cc(73)] ReadMemory at 0x32f6110 of 512 bytes failed: Only part of a ReadProcessMemory or WriteProcessMemory request was completed. (0x12B)
[0129/162916.672:ERROR:process_memory_win.cc(73)] ReadMemory at 0x338ef68 of 536 bytes failed: Only part of a ReadProcessMemory or WriteProcessMemory request was completed. (0x12B)
[0129/162916.672:ERROR:process_memory_win.cc(73)] ReadMemory at 0x452cc80 of 512 bytes failed: Only part of a ReadProcessMemory or WriteProcessMemory request was completed. (0x12B)
[0129/162916.673:ERROR:process_memory_win.cc(73)] ReadMemory at 0x24dd05d8 of 512 bytes failed: Only part of a ReadProcessMemory or WriteProcessMemory request was completed. (0x12B)
[0129/162916.673:ERROR:process_memory_win.cc(73)] ReadMemory at 0x24e84bac of 512 bytes failed: Only part of a ReadProcessMemory or WriteProcessMemory request was completed. (0x12B)
[0129/162916.673:ERROR:process_memory_win.cc(73)] ReadMemory at 0x24e91df0 of 512 bytes failed: Only part of a ReadProcessMemory or WriteProcessMemory request was completed. (0x12B)
[0129/162916.673:ERROR:process_memory_win.cc(73)] ReadMemory at 0x27879318 of 512 bytes failed: Only part of a ReadProcessMemory or WriteProcessMemory request was completed. (0x12B)
[0129/162916.673:ERROR:process_memory_win.cc(73)] ReadMemory at 0x74ebd34f of 512 bytes failed: Only part of a ReadProcessMemory or WriteProcessMemory request was completed. (0x12B)
[0129/162916.673:ERROR:process_memory_win.cc(73)] ReadMemory at 0x762005d1 of 512 bytes failed: Only part of a ReadProcessMemory or WriteProcessMemory request was completed. (0x12B)
[0129/162916.674:ERROR:process_memory_win.cc(73)] ReadMemory at 0x76e6fc8d of 895 bytes failed: Only part of a ReadProcessMemory or WriteProcessMemory request was completed. (0x12B)
[0129/162916.674:ERROR:process_memory_win.cc(73)] ReadMemory at 0x76e87074 of 512 bytes failed: Only part of a ReadProcessMemory or WriteProcessMemory request was completed. (0x12B)
[0129/162916.674:ERROR:process_memory_win.cc(73)] ReadMemory at 0x76ea8358 of 18 bytes failed: Only part of a ReadProcessMemory or WriteProcessMemory request was completed. (0x12B)
[0129/162916.674:ERROR:process_memory_win.cc(73)] ReadMemory at 0x76f17340 of 24 bytes failed: Only part of a ReadProcessMemory or WriteProcessMemory request was completed. (0x12B)
[0129/162916.674:ERROR:process_memory_win.cc(73)] ReadMemory at 0x76f17540 of 32 bytes failed: Only part of a ReadProcessMemory or WriteProcessMemory request was completed. (0x12B)
[0129/162916.674:ERROR:process_memory_win.cc(73)] ReadMemory at 0x76f17880 of 36 bytes failed: Only part of a ReadProcessMemory or WriteProcessMemory request was completed. (0x12B)
[0129/162916.674:ERROR:process_memory_win.cc(73)] ReadMemory at 0x7ffad000 of 3992 bytes failed: Only part of a ReadProcessMemory or WriteProcessMemory request was completed. (0x12B)
[0129/162916.675:ERROR:process_memory_win.cc(73)] ReadMemory at 0x7ffaf000 of 3992 bytes failed: Only part of a ReadProcessMemory or WriteProcessMemory request was completed. (0x12B)
[0129/162916.675:ERROR:process_memory_win.cc(73)] ReadMemory at 0x7ffd3000 of 3992 bytes failed: Only part of a ReadProcessMemory or WriteProcessMemory request was completed. (0x12B)
[0129/162916.675:ERROR:process_memory_win.cc(73)] ReadMemory at 0x7ffd4000 of 560 bytes failed: Only part of a ReadProcessMemory or WriteProcessMemory request was completed. (0x12B)
[0129/162916.675:ERROR:process_memory_win.cc(73)] ReadMemory at 0x7ffd5000 of 3992 bytes failed: Only part of a ReadProcessMemory or WriteProcessMemory request was completed. (0x12B)
[0129/162916.675:ERROR:process_memory_win.cc(73)] ReadMemory at 0x7ffd6000 of 3992 bytes failed: Only part of a ReadProcessMemory or WriteProcessMemory request was completed. (0x12B)
[0129/162916.676:ERROR:process_memory_win.cc(73)] ReadMemory at 0x7ffd7000 of 3992 bytes failed: Only part of a ReadProcessMemory or WriteProcessMemory request was completed. (0x12B)
[0129/162916.676:ERROR:process_memory_win.cc(73)] ReadMemory at 0x7ffd8000 of 3992 bytes failed: Only part of a ReadProcessMemory or WriteProcessMemory request was completed. (0x12B)
[0129/162916.676:ERROR:process_memory_win.cc(73)] ReadMemory at 0x7ffd9000 of 3992 bytes failed: Only part of a ReadProcessMemory or WriteProcessMemory request was completed. (0x12B)
[0129/162916.677:ERROR:process_memory_win.cc(73)] ReadMemory at 0x7ffda000 of 3992 bytes failed: Only part of a ReadProcessMemory or WriteProcessMemory request was completed. (0x12B)
[0129/162916.677:ERROR:process_memory_win.cc(73)] ReadMemory at 0x7ffdb000 of 3992 bytes failed: Only part of a ReadProcessMemory or WriteProcessMemory request was completed. (0x12B)
[0129/162916.677:ERROR:process_memory_win.cc(73)] ReadMemory at 0x7ffdc000 of 3992 bytes failed: Only part of a ReadProcessMemory or WriteProcessMemory request was completed. (0x12B)
[0129/162916.677:ERROR:process_memory_win.cc(73)] ReadMemory at 0x7ffdd000 of 3992 bytes failed: Only part of a ReadProcessMemory or WriteProcessMemory request was completed. (0x12B)
[0129/162916.678:ERROR:process_memory_win.cc(73)] ReadMemory at 0x7ffde000 of 3992 bytes failed: Only part of a ReadProcessMemory or WriteProcessMemory request was completed. (0x12B)
[0129/162916.678:ERROR:process_memory_win.cc(73)] ReadMemory at 0x7ffdf000 of 3992 bytes failed: Only part of a ReadProcessMemory or WriteProcessMemory request was completed. (0x12B)
[0129/162916.682:ERROR:scoped_process_suspend.cc(40)] NtResumeProcess: An attempt was made to access an exiting process. (0xc000010a)
